Vivado Simulator v2024.1.2
Copyright 1986-2022 Xilinx, Inc. All Rights Reserved.
Copyright 2022-2024 Advanced Micro Devices, Inc. All Rights Reserved.
Running: /home/alessandro/Tools/Xilinx/Vivado/2024.1/bin/unwrapped/lnx64.o/xelab --incr --debug typical --relax --mt 8 -L xil_defaultlib -L work -L secureip --snapshot LSTM_ACCELERATOR_test_behav xil_defaultlib.LSTM_ACCELERATOR_test -log elaborate.log 
Using 8 slave threads.
Starting static elaboration
Completed static elaboration
Starting simulation data flow analysis
Completed simulation data flow analysis
Time Resolution for simulation is 1ps
Compiling package std.standard
Compiling package std.textio
Compiling package ieee.std_logic_1164
Compiling package ieee.numeric_std
Compiling package ieee.std_logic_textio
Compiling package work.custom_types
Compiling package xil_defaultlib.lzc_wire
Compiling package xil_defaultlib.lzc_lib
Compiling package xil_defaultlib.fp_wire
Compiling package xil_defaultlib.fp_lib
Compiling package xil_defaultlib.components_i32
Compiling package xil_defaultlib.fp_func
Compiling architecture behavioral of entity xil_defaultlib.xrom [xrom_default]
Compiling architecture behavioral of entity xil_defaultlib.shift_register [\shift_register(l=10,n=5)\]
Compiling architecture behavioral of entity xil_defaultlib.addr_generator [\addr_generator(cells=3,inputs=5...]
Compiling architecture behavioral of entity xil_defaultlib.dflipflop [dflipflop_default]
Compiling architecture behavioral of entity xil_defaultlib.dff_chain [\dff_chain(n=5)\]
Compiling architecture behavioral of entity xil_defaultlib.wrom [\wrom(n=5,p=24,i=3,c=4)\]
Compiling architecture behavioral of entity xil_defaultlib.brom [\brom(n=5,p=24,len=4)\]
Compiling architecture behavioral of entity xil_defaultlib.mac [\mac(n=5,p=24)\]
Compiling architecture behavioral of entity xil_defaultlib.mac_unit [\mac_unit(n=5,p=24)\]
Compiling architecture behavioral of entity xil_defaultlib.dff_chain [\dff_chain(n=3)\]
Compiling architecture behavior of entity xil_defaultlib.lzc_4 [lzc_4_default]
Compiling architecture behavior of entity xil_defaultlib.lzc_8 [lzc_8_default]
Compiling architecture behavior of entity xil_defaultlib.lzc_16 [lzc_16_default]
Compiling architecture behavior of entity xil_defaultlib.lzc_32 [lzc_32_default]
Compiling architecture behavior of entity xil_defaultlib.lzc_64 [lzc_64_default]
Compiling architecture behavior of entity xil_defaultlib.lzc_128 [lzc_128_default]
Compiling architecture behavior of entity xil_defaultlib.fp_ext [fp_ext_default]
Compiling architecture behavior of entity xil_defaultlib.fp_cmp [fp_cmp_default]
Compiling architecture behavior of entity xil_defaultlib.fp_rnd [fp_rnd_default]
Compiling architecture behavior of entity xil_defaultlib.fp_cvt [fp_cvt_default]
Compiling architecture behavior of entity xil_defaultlib.fp_sgnj [fp_sgnj_default]
Compiling architecture behavior of entity xil_defaultlib.fp_max [fp_max_default]
Compiling architecture behavior of entity xil_defaultlib.fp_fma [fp_fma_default]
Compiling architecture behavior of entity xil_defaultlib.fp_exe [fp_exe_default]
Compiling architecture behavior of entity xil_defaultlib.fp_unit [fp_unit_default]
Compiling architecture rtl of entity xil_defaultlib.cnv_f2i [cnv_f2i_default]
Compiling architecture behavioral of entity xil_defaultlib.pwl_i32 [\pwl_i32(n=5,p=24)\]
Compiling architecture behavioral of entity xil_defaultlib.m_transformer [\m_transformer(n=5,p=24)\]
Compiling architecture behavioral of entity xil_defaultlib.q_transformer [\q_transformer(n=5,p=24)\]
Compiling architecture behavioral of entity xil_defaultlib.pwl_lut [\pwl_lut(n=5,p=24)\]
Compiling architecture behavioral of entity xil_defaultlib.multiplier [\multiplier(n=5,p=24)\]
Compiling architecture behavioral of entity xil_defaultlib.adder [\adder(n=5,p=24)\]
Compiling architecture behavioral of entity xil_defaultlib.LSTM_unit [\LSTM_unit(n=5,p=24)\]
Compiling architecture behavioral of entity xil_defaultlib.h_RAM [\h_RAM(n=5,len=2)\]
Compiling architecture behavioral of entity xil_defaultlib.LSTM_ACCELERATOR [\LSTM_ACCELERATOR(inputs=5,cells...]
Compiling architecture behavioral of entity xil_defaultlib.lstm_accelerator_test
Built simulation snapshot LSTM_ACCELERATOR_test_behav
