INFO: [VRFC 10-163] Analyzing VHDL file "/home/alessandro/OneDrive/Documenti/Politecnico/Dottorato/Progetti/Vivado/LSTM_ACCELERATOR/src/LSTM_ACCELERATOR.srcs/sources_1/new/custom_types.vhd" into library work
INFO: [VRFC 10-163] Analyzing VHDL file "/home/alessandro/OneDrive/Documenti/Politecnico/Dottorato/Progetti/Vivado/LSTM_ACCELERATOR/src/LSTM_ACCELERATOR.srcs/sources_1/fpu/lzc_wire.vhd" into library work
INFO: [VRFC 10-163] Analyzing VHDL file "/home/alessandro/OneDrive/Documenti/Politecnico/Dottorato/Progetti/Vivado/LSTM_ACCELERATOR/src/LSTM_ACCELERATOR.srcs/sources_1/fpu/lzc_lib.vhd" into library xil_defaultlib
INFO: [VRFC 10-163] Analyzing VHDL file "/home/alessandro/OneDrive/Documenti/Politecnico/Dottorato/Progetti/Vivado/LSTM_ACCELERATOR/src/LSTM_ACCELERATOR.srcs/sources_1/fpu/fp_lib.vhd" into library xil_defaultlib
ERROR: [VRFC 10-2987] 'fp_wire' is not compiled in library 'xil_defaultlib' [/home/alessandro/OneDrive/Documenti/Politecnico/Dottorato/Progetti/Vivado/LSTM_ACCELERATOR/src/LSTM_ACCELERATOR.srcs/sources_1/fpu/fp_lib.vhd:9]
ERROR: [VRFC 10-2989] 'fp_ext_in_type' is not declared [/home/alessandro/OneDrive/Documenti/Politecnico/Dottorato/Progetti/Vivado/LSTM_ACCELERATOR/src/LSTM_ACCELERATOR.srcs/sources_1/fpu/fp_lib.vhd:15]
ERROR: [VRFC 10-2989] 'fp_ext_out_type' is not declared [/home/alessandro/OneDrive/Documenti/Politecnico/Dottorato/Progetti/Vivado/LSTM_ACCELERATOR/src/LSTM_ACCELERATOR.srcs/sources_1/fpu/fp_lib.vhd:16]
ERROR: [VRFC 10-2989] 'fp_cmp_in_type' is not declared [/home/alessandro/OneDrive/Documenti/Politecnico/Dottorato/Progetti/Vivado/LSTM_ACCELERATOR/src/LSTM_ACCELERATOR.srcs/sources_1/fpu/fp_lib.vhd:24]
ERROR: [VRFC 10-2989] 'fp_cmp_out_type' is not declared [/home/alessandro/OneDrive/Documenti/Politecnico/Dottorato/Progetti/Vivado/LSTM_ACCELERATOR/src/LSTM_ACCELERATOR.srcs/sources_1/fpu/fp_lib.vhd:25]
ERROR: [VRFC 10-2989] 'fp_cvt_f2i_in_type' is not declared [/home/alessandro/OneDrive/Documenti/Politecnico/Dottorato/Progetti/Vivado/LSTM_ACCELERATOR/src/LSTM_ACCELERATOR.srcs/sources_1/fpu/fp_lib.vhd:31]
ERROR: [VRFC 10-2989] 'fp_cvt_f2i_out_type' is not declared [/home/alessandro/OneDrive/Documenti/Politecnico/Dottorato/Progetti/Vivado/LSTM_ACCELERATOR/src/LSTM_ACCELERATOR.srcs/sources_1/fpu/fp_lib.vhd:32]
ERROR: [VRFC 10-2989] 'fp_cvt_i2f_in_type' is not declared [/home/alessandro/OneDrive/Documenti/Politecnico/Dottorato/Progetti/Vivado/LSTM_ACCELERATOR/src/LSTM_ACCELERATOR.srcs/sources_1/fpu/fp_lib.vhd:33]
ERROR: [VRFC 10-2989] 'fp_cvt_i2f_out_type' is not declared [/home/alessandro/OneDrive/Documenti/Politecnico/Dottorato/Progetti/Vivado/LSTM_ACCELERATOR/src/LSTM_ACCELERATOR.srcs/sources_1/fpu/fp_lib.vhd:34]
ERROR: [VRFC 10-2989] 'fp_max_in_type' is not declared [/home/alessandro/OneDrive/Documenti/Politecnico/Dottorato/Progetti/Vivado/LSTM_ACCELERATOR/src/LSTM_ACCELERATOR.srcs/sources_1/fpu/fp_lib.vhd:42]
ERROR: [VRFC 10-2989] 'fp_max_out_type' is not declared [/home/alessandro/OneDrive/Documenti/Politecnico/Dottorato/Progetti/Vivado/LSTM_ACCELERATOR/src/LSTM_ACCELERATOR.srcs/sources_1/fpu/fp_lib.vhd:43]
ERROR: [VRFC 10-2989] 'fp_sgnj_in_type' is not declared [/home/alessandro/OneDrive/Documenti/Politecnico/Dottorato/Progetti/Vivado/LSTM_ACCELERATOR/src/LSTM_ACCELERATOR.srcs/sources_1/fpu/fp_lib.vhd:49]
ERROR: [VRFC 10-2989] 'fp_sgnj_out_type' is not declared [/home/alessandro/OneDrive/Documenti/Politecnico/Dottorato/Progetti/Vivado/LSTM_ACCELERATOR/src/LSTM_ACCELERATOR.srcs/sources_1/fpu/fp_lib.vhd:50]
ERROR: [VRFC 10-2989] 'fp_rnd_in_type' is not declared [/home/alessandro/OneDrive/Documenti/Politecnico/Dottorato/Progetti/Vivado/LSTM_ACCELERATOR/src/LSTM_ACCELERATOR.srcs/sources_1/fpu/fp_lib.vhd:56]
ERROR: [VRFC 10-2989] 'fp_rnd_out_type' is not declared [/home/alessandro/OneDrive/Documenti/Politecnico/Dottorato/Progetti/Vivado/LSTM_ACCELERATOR/src/LSTM_ACCELERATOR.srcs/sources_1/fpu/fp_lib.vhd:57]
ERROR: [VRFC 10-2989] 'fp_fma_in_type' is not declared [/home/alessandro/OneDrive/Documenti/Politecnico/Dottorato/Progetti/Vivado/LSTM_ACCELERATOR/src/LSTM_ACCELERATOR.srcs/sources_1/fpu/fp_lib.vhd:65]
ERROR: [VRFC 10-2989] 'fp_fma_out_type' is not declared [/home/alessandro/OneDrive/Documenti/Politecnico/Dottorato/Progetti/Vivado/LSTM_ACCELERATOR/src/LSTM_ACCELERATOR.srcs/sources_1/fpu/fp_lib.vhd:66]
ERROR: [VRFC 10-2989] 'fp_exe_in_type' is not declared [/home/alessandro/OneDrive/Documenti/Politecnico/Dottorato/Progetti/Vivado/LSTM_ACCELERATOR/src/LSTM_ACCELERATOR.srcs/sources_1/fpu/fp_lib.vhd:94]
ERROR: [VRFC 10-2989] 'fp_exe_out_type' is not declared [/home/alessandro/OneDrive/Documenti/Politecnico/Dottorato/Progetti/Vivado/LSTM_ACCELERATOR/src/LSTM_ACCELERATOR.srcs/sources_1/fpu/fp_lib.vhd:95]
INFO: [#UNDEF] Sorry, too many errors..
